e:\cpp_pro\experimentalreport\game\game\game\debug\vc142.pdb
e:\cpp_pro\experimentalreport\game\game\game\debug\qrc_game.obj
e:\cpp_pro\experimentalreport\game\game\game\debug\main.obj
e:\cpp_pro\experimentalreport\game\game\game\debug\game.obj
e:\cpp_pro\experimentalreport\game\game\game\debug\moc_game.obj
e:\cpp_pro\experimentalreport\game\game\game\debug\uic\ui_game.h
e:\cpp_pro\experimentalreport\game\game\game\debug\rcc\qrc_game.cpp
e:\cpp_pro\experimentalreport\game\game\game\debug\moc\moc_game.cpp
e:\cpp_pro\experimentalreport\game\game\debug\game.exe
e:\cpp_pro\experimentalreport\game\game\debug\game.pdb
e:\cpp_pro\experimentalreport\game\game\game\debug\game.tlog\cl.command.1.tlog
e:\cpp_pro\experimentalreport\game\game\game\debug\game.tlog\cl.read.1.tlog
e:\cpp_pro\experimentalreport\game\game\game\debug\game.tlog\cl.write.1.tlog
e:\cpp_pro\experimentalreport\game\game\game\debug\game.tlog\game.write.1u.tlog
e:\cpp_pro\experimentalreport\game\game\game\debug\game.tlog\link.command.1.tlog
e:\cpp_pro\experimentalreport\game\game\game\debug\game.tlog\link.read.1.tlog
e:\cpp_pro\experimentalreport\game\game\game\debug\game.tlog\link.write.1.tlog
e:\cpp_pro\experimentalreport\game\game\game\debug\game.tlog\moc.read.1u.tlog
e:\cpp_pro\experimentalreport\game\game\game\debug\game.tlog\moc.write.1u.tlog
e:\cpp_pro\experimentalreport\game\game\game\debug\game.tlog\rcc.read.1u.tlog
e:\cpp_pro\experimentalreport\game\game\game\debug\game.tlog\rcc.write.1u.tlog
e:\cpp_pro\experimentalreport\game\game\game\debug\game.tlog\uic.read.1u.tlog
e:\cpp_pro\experimentalreport\game\game\game\debug\game.tlog\uic.write.1u.tlog
